########### array before sorts ###########
0	22.542500	27.781250	101.905000	27.781250	n
1	101.905000	27.781250	101.905000	72.380000	n
2	101.905000	72.380000	22.542500	72.380000	n
3	22.542500	72.380000	22.542500	27.781250	n
Tolerance=0.050000.
*Exact match for i=0 and j=1.
*i point 22.542500	27.781250	101.905000	27.781250	y
*Exact match for i=1 and j=2.
*i point 101.905000	27.781250	101.905000	72.380000	y
*Exact match for i=2 and j=3.
*i point 101.905000	72.380000	22.542500	72.380000	y
########### array after sorts ###########
0	22.542500	27.781250	101.905000	27.781250	y
1	101.905000	27.781250	101.905000	72.380000	y
2	101.905000	72.380000	22.542500	72.380000	y
3	22.542500	72.380000	22.542500	27.781250	y
***************
.BOARD_OUTLINE UNOWNED
1.6
0     22.542500     27.781250     0
0     101.905000     27.781250     0
0     101.905000     72.380000     0
0     22.542500     72.380000     0
0     22.542500     27.781250     0
