G75*
%MOMM*%
%OFA0B0*%
%FSLAX33Y33*%
%IPPOS*%
%LPD*%
%AMOC8*
5,1,8,0,0,1.08239X$1,22.5*
%
%ADD10C,0.610*%
%ADD11C,0.000*%
D10*
X00559Y00659D02*
X00559Y02559D01*
X00559Y70559D01*
X102959Y70559D01*
X102959Y00559D01*
X02359Y00659D01*
X00559Y00659D01*
X02359Y00659D01*
D11*
X02209Y03459D02*
X02211Y03539D01*
X02217Y03618D01*
X02227Y03697D01*
X02241Y03776D01*
X02258Y03854D01*
X02280Y03931D01*
X02305Y04006D01*
X02335Y04080D01*
X02367Y04153D01*
X02404Y04224D01*
X02444Y04293D01*
X02487Y04360D01*
X02534Y04425D01*
X02583Y04487D01*
X02636Y04547D01*
X02692Y04604D01*
X02750Y04659D01*
X02811Y04710D01*
X02875Y04758D01*
X02941Y04803D01*
X03009Y04845D01*
X03079Y04883D01*
X03151Y04917D01*
X03224Y04948D01*
X03299Y04976D01*
X03376Y04999D01*
X03453Y05019D01*
X03531Y05035D01*
X03610Y05047D01*
X03689Y05055D01*
X03769Y05059D01*
X03849Y05059D01*
X03929Y05055D01*
X04008Y05047D01*
X04087Y05035D01*
X04165Y05019D01*
X04242Y04999D01*
X04319Y04976D01*
X04394Y04948D01*
X04467Y04917D01*
X04539Y04883D01*
X04609Y04845D01*
X04677Y04803D01*
X04743Y04758D01*
X04807Y04710D01*
X04868Y04659D01*
X04926Y04604D01*
X04982Y04547D01*
X05035Y04487D01*
X05084Y04425D01*
X05131Y04360D01*
X05174Y04293D01*
X05214Y04224D01*
X05251Y04153D01*
X05283Y04080D01*
X05313Y04006D01*
X05338Y03931D01*
X05360Y03854D01*
X05377Y03776D01*
X05391Y03697D01*
X05401Y03618D01*
X05407Y03539D01*
X05409Y03459D01*
X05407Y03379D01*
X05401Y03300D01*
X05391Y03221D01*
X05377Y03142D01*
X05360Y03064D01*
X05338Y02987D01*
X05313Y02912D01*
X05283Y02838D01*
X05251Y02765D01*
X05214Y02694D01*
X05174Y02625D01*
X05131Y02558D01*
X05084Y02493D01*
X05035Y02431D01*
X04982Y02371D01*
X04926Y02314D01*
X04868Y02259D01*
X04807Y02208D01*
X04743Y02160D01*
X04677Y02115D01*
X04609Y02073D01*
X04539Y02035D01*
X04467Y02001D01*
X04394Y01970D01*
X04319Y01942D01*
X04242Y01919D01*
X04165Y01899D01*
X04087Y01883D01*
X04008Y01871D01*
X03929Y01863D01*
X03849Y01859D01*
X03769Y01859D01*
X03689Y01863D01*
X03610Y01871D01*
X03531Y01883D01*
X03453Y01899D01*
X03376Y01919D01*
X03299Y01942D01*
X03224Y01970D01*
X03151Y02001D01*
X03079Y02035D01*
X03009Y02073D01*
X02941Y02115D01*
X02875Y02160D01*
X02811Y02208D01*
X02750Y02259D01*
X02692Y02314D01*
X02636Y02371D01*
X02583Y02431D01*
X02534Y02493D01*
X02487Y02558D01*
X02444Y02625D01*
X02404Y02694D01*
X02367Y02765D01*
X02335Y02838D01*
X02305Y02912D01*
X02280Y02987D01*
X02258Y03064D01*
X02241Y03142D01*
X02227Y03221D01*
X02217Y03300D01*
X02211Y03379D01*
X02209Y03459D01*
X12678Y65265D02*
X12680Y65346D01*
X12686Y65427D01*
X12696Y65507D01*
X12710Y65587D01*
X12727Y65666D01*
X12749Y65744D01*
X12775Y65821D01*
X12804Y65897D01*
X12837Y65971D01*
X12873Y66043D01*
X12913Y66114D01*
X12956Y66182D01*
X13003Y66248D01*
X13053Y66312D01*
X13106Y66374D01*
X13162Y66432D01*
X13220Y66488D01*
X13282Y66541D01*
X13346Y66591D01*
X13412Y66638D01*
X13480Y66681D01*
X13551Y66721D01*
X13623Y66757D01*
X13697Y66790D01*
X13773Y66819D01*
X13850Y66845D01*
X13928Y66867D01*
X14007Y66884D01*
X14087Y66898D01*
X14167Y66908D01*
X14248Y66914D01*
X14329Y66916D01*
X14410Y66914D01*
X14491Y66908D01*
X14571Y66898D01*
X14651Y66884D01*
X14730Y66867D01*
X14808Y66845D01*
X14885Y66819D01*
X14961Y66790D01*
X15035Y66757D01*
X15107Y66721D01*
X15178Y66681D01*
X15246Y66638D01*
X15312Y66591D01*
X15376Y66541D01*
X15438Y66488D01*
X15496Y66432D01*
X15552Y66374D01*
X15605Y66312D01*
X15655Y66248D01*
X15702Y66182D01*
X15745Y66114D01*
X15785Y66043D01*
X15821Y65971D01*
X15854Y65897D01*
X15883Y65821D01*
X15909Y65744D01*
X15931Y65666D01*
X15948Y65587D01*
X15962Y65507D01*
X15972Y65427D01*
X15978Y65346D01*
X15980Y65265D01*
X15978Y65184D01*
X15972Y65103D01*
X15962Y65023D01*
X15948Y64943D01*
X15931Y64864D01*
X15909Y64786D01*
X15883Y64709D01*
X15854Y64633D01*
X15821Y64559D01*
X15785Y64487D01*
X15745Y64416D01*
X15702Y64348D01*
X15655Y64282D01*
X15605Y64218D01*
X15552Y64156D01*
X15496Y64098D01*
X15438Y64042D01*
X15376Y63989D01*
X15312Y63939D01*
X15246Y63892D01*
X15178Y63849D01*
X15107Y63809D01*
X15035Y63773D01*
X14961Y63740D01*
X14885Y63711D01*
X14808Y63685D01*
X14730Y63663D01*
X14651Y63646D01*
X14571Y63632D01*
X14491Y63622D01*
X14410Y63616D01*
X14329Y63614D01*
X14248Y63616D01*
X14167Y63622D01*
X14087Y63632D01*
X14007Y63646D01*
X13928Y63663D01*
X13850Y63685D01*
X13773Y63711D01*
X13697Y63740D01*
X13623Y63773D01*
X13551Y63809D01*
X13480Y63849D01*
X13412Y63892D01*
X13346Y63939D01*
X13282Y63989D01*
X13220Y64042D01*
X13162Y64098D01*
X13106Y64156D01*
X13053Y64218D01*
X13003Y64282D01*
X12956Y64348D01*
X12913Y64416D01*
X12873Y64487D01*
X12837Y64559D01*
X12804Y64633D01*
X12775Y64709D01*
X12749Y64786D01*
X12727Y64864D01*
X12710Y64943D01*
X12696Y65023D01*
X12686Y65103D01*
X12680Y65184D01*
X12678Y65265D01*
X02059Y67309D02*
X02061Y67389D01*
X02067Y67468D01*
X02077Y67547D01*
X02091Y67626D01*
X02108Y67704D01*
X02130Y67781D01*
X02155Y67856D01*
X02185Y67930D01*
X02217Y68003D01*
X02254Y68074D01*
X02294Y68143D01*
X02337Y68210D01*
X02384Y68275D01*
X02433Y68337D01*
X02486Y68397D01*
X02542Y68454D01*
X02600Y68509D01*
X02661Y68560D01*
X02725Y68608D01*
X02791Y68653D01*
X02859Y68695D01*
X02929Y68733D01*
X03001Y68767D01*
X03074Y68798D01*
X03149Y68826D01*
X03226Y68849D01*
X03303Y68869D01*
X03381Y68885D01*
X03460Y68897D01*
X03539Y68905D01*
X03619Y68909D01*
X03699Y68909D01*
X03779Y68905D01*
X03858Y68897D01*
X03937Y68885D01*
X04015Y68869D01*
X04092Y68849D01*
X04169Y68826D01*
X04244Y68798D01*
X04317Y68767D01*
X04389Y68733D01*
X04459Y68695D01*
X04527Y68653D01*
X04593Y68608D01*
X04657Y68560D01*
X04718Y68509D01*
X04776Y68454D01*
X04832Y68397D01*
X04885Y68337D01*
X04934Y68275D01*
X04981Y68210D01*
X05024Y68143D01*
X05064Y68074D01*
X05101Y68003D01*
X05133Y67930D01*
X05163Y67856D01*
X05188Y67781D01*
X05210Y67704D01*
X05227Y67626D01*
X05241Y67547D01*
X05251Y67468D01*
X05257Y67389D01*
X05259Y67309D01*
X05257Y67229D01*
X05251Y67150D01*
X05241Y67071D01*
X05227Y66992D01*
X05210Y66914D01*
X05188Y66837D01*
X05163Y66762D01*
X05133Y66688D01*
X05101Y66615D01*
X05064Y66544D01*
X05024Y66475D01*
X04981Y66408D01*
X04934Y66343D01*
X04885Y66281D01*
X04832Y66221D01*
X04776Y66164D01*
X04718Y66109D01*
X04657Y66058D01*
X04593Y66010D01*
X04527Y65965D01*
X04459Y65923D01*
X04389Y65885D01*
X04317Y65851D01*
X04244Y65820D01*
X04169Y65792D01*
X04092Y65769D01*
X04015Y65749D01*
X03937Y65733D01*
X03858Y65721D01*
X03779Y65713D01*
X03699Y65709D01*
X03619Y65709D01*
X03539Y65713D01*
X03460Y65721D01*
X03381Y65733D01*
X03303Y65749D01*
X03226Y65769D01*
X03149Y65792D01*
X03074Y65820D01*
X03001Y65851D01*
X02929Y65885D01*
X02859Y65923D01*
X02791Y65965D01*
X02725Y66010D01*
X02661Y66058D01*
X02600Y66109D01*
X02542Y66164D01*
X02486Y66221D01*
X02433Y66281D01*
X02384Y66343D01*
X02337Y66408D01*
X02294Y66475D01*
X02254Y66544D01*
X02217Y66615D01*
X02185Y66688D01*
X02155Y66762D01*
X02130Y66837D01*
X02108Y66914D01*
X02091Y66992D01*
X02077Y67071D01*
X02067Y67150D01*
X02061Y67229D01*
X02059Y67309D01*
X36678Y65265D02*
X36680Y65346D01*
X36686Y65427D01*
X36696Y65507D01*
X36710Y65587D01*
X36727Y65666D01*
X36749Y65744D01*
X36775Y65821D01*
X36804Y65897D01*
X36837Y65971D01*
X36873Y66043D01*
X36913Y66114D01*
X36956Y66182D01*
X37003Y66248D01*
X37053Y66312D01*
X37106Y66374D01*
X37162Y66432D01*
X37220Y66488D01*
X37282Y66541D01*
X37346Y66591D01*
X37412Y66638D01*
X37480Y66681D01*
X37551Y66721D01*
X37623Y66757D01*
X37697Y66790D01*
X37773Y66819D01*
X37850Y66845D01*
X37928Y66867D01*
X38007Y66884D01*
X38087Y66898D01*
X38167Y66908D01*
X38248Y66914D01*
X38329Y66916D01*
X38410Y66914D01*
X38491Y66908D01*
X38571Y66898D01*
X38651Y66884D01*
X38730Y66867D01*
X38808Y66845D01*
X38885Y66819D01*
X38961Y66790D01*
X39035Y66757D01*
X39107Y66721D01*
X39178Y66681D01*
X39246Y66638D01*
X39312Y66591D01*
X39376Y66541D01*
X39438Y66488D01*
X39496Y66432D01*
X39552Y66374D01*
X39605Y66312D01*
X39655Y66248D01*
X39702Y66182D01*
X39745Y66114D01*
X39785Y66043D01*
X39821Y65971D01*
X39854Y65897D01*
X39883Y65821D01*
X39909Y65744D01*
X39931Y65666D01*
X39948Y65587D01*
X39962Y65507D01*
X39972Y65427D01*
X39978Y65346D01*
X39980Y65265D01*
X39978Y65184D01*
X39972Y65103D01*
X39962Y65023D01*
X39948Y64943D01*
X39931Y64864D01*
X39909Y64786D01*
X39883Y64709D01*
X39854Y64633D01*
X39821Y64559D01*
X39785Y64487D01*
X39745Y64416D01*
X39702Y64348D01*
X39655Y64282D01*
X39605Y64218D01*
X39552Y64156D01*
X39496Y64098D01*
X39438Y64042D01*
X39376Y63989D01*
X39312Y63939D01*
X39246Y63892D01*
X39178Y63849D01*
X39107Y63809D01*
X39035Y63773D01*
X38961Y63740D01*
X38885Y63711D01*
X38808Y63685D01*
X38730Y63663D01*
X38651Y63646D01*
X38571Y63632D01*
X38491Y63622D01*
X38410Y63616D01*
X38329Y63614D01*
X38248Y63616D01*
X38167Y63622D01*
X38087Y63632D01*
X38007Y63646D01*
X37928Y63663D01*
X37850Y63685D01*
X37773Y63711D01*
X37697Y63740D01*
X37623Y63773D01*
X37551Y63809D01*
X37480Y63849D01*
X37412Y63892D01*
X37346Y63939D01*
X37282Y63989D01*
X37220Y64042D01*
X37162Y64098D01*
X37106Y64156D01*
X37053Y64218D01*
X37003Y64282D01*
X36956Y64348D01*
X36913Y64416D01*
X36873Y64487D01*
X36837Y64559D01*
X36804Y64633D01*
X36775Y64709D01*
X36749Y64786D01*
X36727Y64864D01*
X36710Y64943D01*
X36696Y65023D01*
X36686Y65103D01*
X36680Y65184D01*
X36678Y65265D01*
X98409Y67159D02*
X98411Y67239D01*
X98417Y67318D01*
X98427Y67397D01*
X98441Y67476D01*
X98458Y67554D01*
X98480Y67631D01*
X98505Y67706D01*
X98535Y67780D01*
X98567Y67853D01*
X98604Y67924D01*
X98644Y67993D01*
X98687Y68060D01*
X98734Y68125D01*
X98783Y68187D01*
X98836Y68247D01*
X98892Y68304D01*
X98950Y68359D01*
X99011Y68410D01*
X99075Y68458D01*
X99141Y68503D01*
X99209Y68545D01*
X99279Y68583D01*
X99351Y68617D01*
X99424Y68648D01*
X99499Y68676D01*
X99576Y68699D01*
X99653Y68719D01*
X99731Y68735D01*
X99810Y68747D01*
X99889Y68755D01*
X99969Y68759D01*
X100049Y68759D01*
X100129Y68755D01*
X100208Y68747D01*
X100287Y68735D01*
X100365Y68719D01*
X100442Y68699D01*
X100519Y68676D01*
X100594Y68648D01*
X100667Y68617D01*
X100739Y68583D01*
X100809Y68545D01*
X100877Y68503D01*
X100943Y68458D01*
X101007Y68410D01*
X101068Y68359D01*
X101126Y68304D01*
X101182Y68247D01*
X101235Y68187D01*
X101284Y68125D01*
X101331Y68060D01*
X101374Y67993D01*
X101414Y67924D01*
X101451Y67853D01*
X101483Y67780D01*
X101513Y67706D01*
X101538Y67631D01*
X101560Y67554D01*
X101577Y67476D01*
X101591Y67397D01*
X101601Y67318D01*
X101607Y67239D01*
X101609Y67159D01*
X101607Y67079D01*
X101601Y67000D01*
X101591Y66921D01*
X101577Y66842D01*
X101560Y66764D01*
X101538Y66687D01*
X101513Y66612D01*
X101483Y66538D01*
X101451Y66465D01*
X101414Y66394D01*
X101374Y66325D01*
X101331Y66258D01*
X101284Y66193D01*
X101235Y66131D01*
X101182Y66071D01*
X101126Y66014D01*
X101068Y65959D01*
X101007Y65908D01*
X100943Y65860D01*
X100877Y65815D01*
X100809Y65773D01*
X100739Y65735D01*
X100667Y65701D01*
X100594Y65670D01*
X100519Y65642D01*
X100442Y65619D01*
X100365Y65599D01*
X100287Y65583D01*
X100208Y65571D01*
X100129Y65563D01*
X100049Y65559D01*
X99969Y65559D01*
X99889Y65563D01*
X99810Y65571D01*
X99731Y65583D01*
X99653Y65599D01*
X99576Y65619D01*
X99499Y65642D01*
X99424Y65670D01*
X99351Y65701D01*
X99279Y65735D01*
X99209Y65773D01*
X99141Y65815D01*
X99075Y65860D01*
X99011Y65908D01*
X98950Y65959D01*
X98892Y66014D01*
X98836Y66071D01*
X98783Y66131D01*
X98734Y66193D01*
X98687Y66258D01*
X98644Y66325D01*
X98604Y66394D01*
X98567Y66465D01*
X98535Y66538D01*
X98505Y66612D01*
X98480Y66687D01*
X98458Y66764D01*
X98441Y66842D01*
X98427Y66921D01*
X98417Y67000D01*
X98411Y67079D01*
X98409Y67159D01*
X98559Y04009D02*
X98561Y04089D01*
X98567Y04168D01*
X98577Y04247D01*
X98591Y04326D01*
X98608Y04404D01*
X98630Y04481D01*
X98655Y04556D01*
X98685Y04630D01*
X98717Y04703D01*
X98754Y04774D01*
X98794Y04843D01*
X98837Y04910D01*
X98884Y04975D01*
X98933Y05037D01*
X98986Y05097D01*
X99042Y05154D01*
X99100Y05209D01*
X99161Y05260D01*
X99225Y05308D01*
X99291Y05353D01*
X99359Y05395D01*
X99429Y05433D01*
X99501Y05467D01*
X99574Y05498D01*
X99649Y05526D01*
X99726Y05549D01*
X99803Y05569D01*
X99881Y05585D01*
X99960Y05597D01*
X100039Y05605D01*
X100119Y05609D01*
X100199Y05609D01*
X100279Y05605D01*
X100358Y05597D01*
X100437Y05585D01*
X100515Y05569D01*
X100592Y05549D01*
X100669Y05526D01*
X100744Y05498D01*
X100817Y05467D01*
X100889Y05433D01*
X100959Y05395D01*
X101027Y05353D01*
X101093Y05308D01*
X101157Y05260D01*
X101218Y05209D01*
X101276Y05154D01*
X101332Y05097D01*
X101385Y05037D01*
X101434Y04975D01*
X101481Y04910D01*
X101524Y04843D01*
X101564Y04774D01*
X101601Y04703D01*
X101633Y04630D01*
X101663Y04556D01*
X101688Y04481D01*
X101710Y04404D01*
X101727Y04326D01*
X101741Y04247D01*
X101751Y04168D01*
X101757Y04089D01*
X101759Y04009D01*
X101757Y03929D01*
X101751Y03850D01*
X101741Y03771D01*
X101727Y03692D01*
X101710Y03614D01*
X101688Y03537D01*
X101663Y03462D01*
X101633Y03388D01*
X101601Y03315D01*
X101564Y03244D01*
X101524Y03175D01*
X101481Y03108D01*
X101434Y03043D01*
X101385Y02981D01*
X101332Y02921D01*
X101276Y02864D01*
X101218Y02809D01*
X101157Y02758D01*
X101093Y02710D01*
X101027Y02665D01*
X100959Y02623D01*
X100889Y02585D01*
X100817Y02551D01*
X100744Y02520D01*
X100669Y02492D01*
X100592Y02469D01*
X100515Y02449D01*
X100437Y02433D01*
X100358Y02421D01*
X100279Y02413D01*
X100199Y02409D01*
X100119Y02409D01*
X100039Y02413D01*
X99960Y02421D01*
X99881Y02433D01*
X99803Y02449D01*
X99726Y02469D01*
X99649Y02492D01*
X99574Y02520D01*
X99501Y02551D01*
X99429Y02585D01*
X99359Y02623D01*
X99291Y02665D01*
X99225Y02710D01*
X99161Y02758D01*
X99100Y02809D01*
X99042Y02864D01*
X98986Y02921D01*
X98933Y02981D01*
X98884Y03043D01*
X98837Y03108D01*
X98794Y03175D01*
X98754Y03244D01*
X98717Y03315D01*
X98685Y03388D01*
X98655Y03462D01*
X98630Y03537D01*
X98608Y03614D01*
X98591Y03692D01*
X98577Y03771D01*
X98567Y03850D01*
X98561Y03929D01*
X98559Y04009D01*
M02*
