G75*
%MOMM*%
%OFA0B0*%
%FSLAX33Y33*%
%IPPOS*%
%LPD*%
%AMOC8*
5,1,8,0,0,1.08239X$1,22.5*
%
%ADD10C,0.000*%
%ADD11C,0.406*%
D10*
X01907Y03457D02*
X01909Y03537D01*
X01915Y03616D01*
X01925Y03695D01*
X01939Y03774D01*
X01956Y03852D01*
X01978Y03929D01*
X02003Y04004D01*
X02033Y04078D01*
X02065Y04151D01*
X02102Y04222D01*
X02142Y04291D01*
X02185Y04358D01*
X02232Y04423D01*
X02281Y04485D01*
X02334Y04545D01*
X02390Y04602D01*
X02448Y04657D01*
X02509Y04708D01*
X02573Y04756D01*
X02639Y04801D01*
X02707Y04843D01*
X02777Y04881D01*
X02849Y04915D01*
X02922Y04946D01*
X02997Y04974D01*
X03074Y04997D01*
X03151Y05017D01*
X03229Y05033D01*
X03308Y05045D01*
X03387Y05053D01*
X03467Y05057D01*
X03547Y05057D01*
X03627Y05053D01*
X03706Y05045D01*
X03785Y05033D01*
X03863Y05017D01*
X03940Y04997D01*
X04017Y04974D01*
X04092Y04946D01*
X04165Y04915D01*
X04237Y04881D01*
X04307Y04843D01*
X04375Y04801D01*
X04441Y04756D01*
X04505Y04708D01*
X04566Y04657D01*
X04624Y04602D01*
X04680Y04545D01*
X04733Y04485D01*
X04782Y04423D01*
X04829Y04358D01*
X04872Y04291D01*
X04912Y04222D01*
X04949Y04151D01*
X04981Y04078D01*
X05011Y04004D01*
X05036Y03929D01*
X05058Y03852D01*
X05075Y03774D01*
X05089Y03695D01*
X05099Y03616D01*
X05105Y03537D01*
X05107Y03457D01*
X05105Y03377D01*
X05099Y03298D01*
X05089Y03219D01*
X05075Y03140D01*
X05058Y03062D01*
X05036Y02985D01*
X05011Y02910D01*
X04981Y02836D01*
X04949Y02763D01*
X04912Y02692D01*
X04872Y02623D01*
X04829Y02556D01*
X04782Y02491D01*
X04733Y02429D01*
X04680Y02369D01*
X04624Y02312D01*
X04566Y02257D01*
X04505Y02206D01*
X04441Y02158D01*
X04375Y02113D01*
X04307Y02071D01*
X04237Y02033D01*
X04165Y01999D01*
X04092Y01968D01*
X04017Y01940D01*
X03940Y01917D01*
X03863Y01897D01*
X03785Y01881D01*
X03706Y01869D01*
X03627Y01861D01*
X03547Y01857D01*
X03467Y01857D01*
X03387Y01861D01*
X03308Y01869D01*
X03229Y01881D01*
X03151Y01897D01*
X03074Y01917D01*
X02997Y01940D01*
X02922Y01968D01*
X02849Y01999D01*
X02777Y02033D01*
X02707Y02071D01*
X02639Y02113D01*
X02573Y02158D01*
X02509Y02206D01*
X02448Y02257D01*
X02390Y02312D01*
X02334Y02369D01*
X02281Y02429D01*
X02232Y02491D01*
X02185Y02556D01*
X02142Y02623D01*
X02102Y02692D01*
X02065Y02763D01*
X02033Y02836D01*
X02003Y02910D01*
X01978Y02985D01*
X01956Y03062D01*
X01939Y03140D01*
X01925Y03219D01*
X01915Y03298D01*
X01909Y03377D01*
X01907Y03457D01*
X10376Y64663D02*
X10378Y64744D01*
X10384Y64825D01*
X10394Y64905D01*
X10408Y64985D01*
X10425Y65064D01*
X10447Y65142D01*
X10473Y65219D01*
X10502Y65295D01*
X10535Y65369D01*
X10571Y65441D01*
X10611Y65512D01*
X10654Y65580D01*
X10701Y65646D01*
X10751Y65710D01*
X10804Y65772D01*
X10860Y65830D01*
X10918Y65886D01*
X10980Y65939D01*
X11044Y65989D01*
X11110Y66036D01*
X11178Y66079D01*
X11249Y66119D01*
X11321Y66155D01*
X11395Y66188D01*
X11471Y66217D01*
X11548Y66243D01*
X11626Y66265D01*
X11705Y66282D01*
X11785Y66296D01*
X11865Y66306D01*
X11946Y66312D01*
X12027Y66314D01*
X12108Y66312D01*
X12189Y66306D01*
X12269Y66296D01*
X12349Y66282D01*
X12428Y66265D01*
X12506Y66243D01*
X12583Y66217D01*
X12659Y66188D01*
X12733Y66155D01*
X12805Y66119D01*
X12876Y66079D01*
X12944Y66036D01*
X13010Y65989D01*
X13074Y65939D01*
X13136Y65886D01*
X13194Y65830D01*
X13250Y65772D01*
X13303Y65710D01*
X13353Y65646D01*
X13400Y65580D01*
X13443Y65512D01*
X13483Y65441D01*
X13519Y65369D01*
X13552Y65295D01*
X13581Y65219D01*
X13607Y65142D01*
X13629Y65064D01*
X13646Y64985D01*
X13660Y64905D01*
X13670Y64825D01*
X13676Y64744D01*
X13678Y64663D01*
X13676Y64582D01*
X13670Y64501D01*
X13660Y64421D01*
X13646Y64341D01*
X13629Y64262D01*
X13607Y64184D01*
X13581Y64107D01*
X13552Y64031D01*
X13519Y63957D01*
X13483Y63885D01*
X13443Y63814D01*
X13400Y63746D01*
X13353Y63680D01*
X13303Y63616D01*
X13250Y63554D01*
X13194Y63496D01*
X13136Y63440D01*
X13074Y63387D01*
X13010Y63337D01*
X12944Y63290D01*
X12876Y63247D01*
X12805Y63207D01*
X12733Y63171D01*
X12659Y63138D01*
X12583Y63109D01*
X12506Y63083D01*
X12428Y63061D01*
X12349Y63044D01*
X12269Y63030D01*
X12189Y63020D01*
X12108Y63014D01*
X12027Y63012D01*
X11946Y63014D01*
X11865Y63020D01*
X11785Y63030D01*
X11705Y63044D01*
X11626Y63061D01*
X11548Y63083D01*
X11471Y63109D01*
X11395Y63138D01*
X11321Y63171D01*
X11249Y63207D01*
X11178Y63247D01*
X11110Y63290D01*
X11044Y63337D01*
X10980Y63387D01*
X10918Y63440D01*
X10860Y63496D01*
X10804Y63554D01*
X10751Y63616D01*
X10701Y63680D01*
X10654Y63746D01*
X10611Y63814D01*
X10571Y63885D01*
X10535Y63957D01*
X10502Y64031D01*
X10473Y64107D01*
X10447Y64184D01*
X10425Y64262D01*
X10408Y64341D01*
X10394Y64421D01*
X10384Y64501D01*
X10378Y64582D01*
X10376Y64663D01*
X01857Y66107D02*
X01859Y66187D01*
X01865Y66266D01*
X01875Y66345D01*
X01889Y66424D01*
X01906Y66502D01*
X01928Y66579D01*
X01953Y66654D01*
X01983Y66728D01*
X02015Y66801D01*
X02052Y66872D01*
X02092Y66941D01*
X02135Y67008D01*
X02182Y67073D01*
X02231Y67135D01*
X02284Y67195D01*
X02340Y67252D01*
X02398Y67307D01*
X02459Y67358D01*
X02523Y67406D01*
X02589Y67451D01*
X02657Y67493D01*
X02727Y67531D01*
X02799Y67565D01*
X02872Y67596D01*
X02947Y67624D01*
X03024Y67647D01*
X03101Y67667D01*
X03179Y67683D01*
X03258Y67695D01*
X03337Y67703D01*
X03417Y67707D01*
X03497Y67707D01*
X03577Y67703D01*
X03656Y67695D01*
X03735Y67683D01*
X03813Y67667D01*
X03890Y67647D01*
X03967Y67624D01*
X04042Y67596D01*
X04115Y67565D01*
X04187Y67531D01*
X04257Y67493D01*
X04325Y67451D01*
X04391Y67406D01*
X04455Y67358D01*
X04516Y67307D01*
X04574Y67252D01*
X04630Y67195D01*
X04683Y67135D01*
X04732Y67073D01*
X04779Y67008D01*
X04822Y66941D01*
X04862Y66872D01*
X04899Y66801D01*
X04931Y66728D01*
X04961Y66654D01*
X04986Y66579D01*
X05008Y66502D01*
X05025Y66424D01*
X05039Y66345D01*
X05049Y66266D01*
X05055Y66187D01*
X05057Y66107D01*
X05055Y66027D01*
X05049Y65948D01*
X05039Y65869D01*
X05025Y65790D01*
X05008Y65712D01*
X04986Y65635D01*
X04961Y65560D01*
X04931Y65486D01*
X04899Y65413D01*
X04862Y65342D01*
X04822Y65273D01*
X04779Y65206D01*
X04732Y65141D01*
X04683Y65079D01*
X04630Y65019D01*
X04574Y64962D01*
X04516Y64907D01*
X04455Y64856D01*
X04391Y64808D01*
X04325Y64763D01*
X04257Y64721D01*
X04187Y64683D01*
X04115Y64649D01*
X04042Y64618D01*
X03967Y64590D01*
X03890Y64567D01*
X03813Y64547D01*
X03735Y64531D01*
X03656Y64519D01*
X03577Y64511D01*
X03497Y64507D01*
X03417Y64507D01*
X03337Y64511D01*
X03258Y64519D01*
X03179Y64531D01*
X03101Y64547D01*
X03024Y64567D01*
X02947Y64590D01*
X02872Y64618D01*
X02799Y64649D01*
X02727Y64683D01*
X02657Y64721D01*
X02589Y64763D01*
X02523Y64808D01*
X02459Y64856D01*
X02398Y64907D01*
X02340Y64962D01*
X02284Y65019D01*
X02231Y65079D01*
X02182Y65141D01*
X02135Y65206D01*
X02092Y65273D01*
X02052Y65342D01*
X02015Y65413D01*
X01983Y65486D01*
X01953Y65560D01*
X01928Y65635D01*
X01906Y65712D01*
X01889Y65790D01*
X01875Y65869D01*
X01865Y65948D01*
X01859Y66027D01*
X01857Y66107D01*
X34376Y64663D02*
X34378Y64744D01*
X34384Y64825D01*
X34394Y64905D01*
X34408Y64985D01*
X34425Y65064D01*
X34447Y65142D01*
X34473Y65219D01*
X34502Y65295D01*
X34535Y65369D01*
X34571Y65441D01*
X34611Y65512D01*
X34654Y65580D01*
X34701Y65646D01*
X34751Y65710D01*
X34804Y65772D01*
X34860Y65830D01*
X34918Y65886D01*
X34980Y65939D01*
X35044Y65989D01*
X35110Y66036D01*
X35178Y66079D01*
X35249Y66119D01*
X35321Y66155D01*
X35395Y66188D01*
X35471Y66217D01*
X35548Y66243D01*
X35626Y66265D01*
X35705Y66282D01*
X35785Y66296D01*
X35865Y66306D01*
X35946Y66312D01*
X36027Y66314D01*
X36108Y66312D01*
X36189Y66306D01*
X36269Y66296D01*
X36349Y66282D01*
X36428Y66265D01*
X36506Y66243D01*
X36583Y66217D01*
X36659Y66188D01*
X36733Y66155D01*
X36805Y66119D01*
X36876Y66079D01*
X36944Y66036D01*
X37010Y65989D01*
X37074Y65939D01*
X37136Y65886D01*
X37194Y65830D01*
X37250Y65772D01*
X37303Y65710D01*
X37353Y65646D01*
X37400Y65580D01*
X37443Y65512D01*
X37483Y65441D01*
X37519Y65369D01*
X37552Y65295D01*
X37581Y65219D01*
X37607Y65142D01*
X37629Y65064D01*
X37646Y64985D01*
X37660Y64905D01*
X37670Y64825D01*
X37676Y64744D01*
X37678Y64663D01*
X37676Y64582D01*
X37670Y64501D01*
X37660Y64421D01*
X37646Y64341D01*
X37629Y64262D01*
X37607Y64184D01*
X37581Y64107D01*
X37552Y64031D01*
X37519Y63957D01*
X37483Y63885D01*
X37443Y63814D01*
X37400Y63746D01*
X37353Y63680D01*
X37303Y63616D01*
X37250Y63554D01*
X37194Y63496D01*
X37136Y63440D01*
X37074Y63387D01*
X37010Y63337D01*
X36944Y63290D01*
X36876Y63247D01*
X36805Y63207D01*
X36733Y63171D01*
X36659Y63138D01*
X36583Y63109D01*
X36506Y63083D01*
X36428Y63061D01*
X36349Y63044D01*
X36269Y63030D01*
X36189Y63020D01*
X36108Y63014D01*
X36027Y63012D01*
X35946Y63014D01*
X35865Y63020D01*
X35785Y63030D01*
X35705Y63044D01*
X35626Y63061D01*
X35548Y63083D01*
X35471Y63109D01*
X35395Y63138D01*
X35321Y63171D01*
X35249Y63207D01*
X35178Y63247D01*
X35110Y63290D01*
X35044Y63337D01*
X34980Y63387D01*
X34918Y63440D01*
X34860Y63496D01*
X34804Y63554D01*
X34751Y63616D01*
X34701Y63680D01*
X34654Y63746D01*
X34611Y63814D01*
X34571Y63885D01*
X34535Y63957D01*
X34502Y64031D01*
X34473Y64107D01*
X34447Y64184D01*
X34425Y64262D01*
X34408Y64341D01*
X34394Y64421D01*
X34384Y64501D01*
X34378Y64582D01*
X34376Y64663D01*
X96107Y66557D02*
X96109Y66637D01*
X96115Y66716D01*
X96125Y66795D01*
X96139Y66874D01*
X96156Y66952D01*
X96178Y67029D01*
X96203Y67104D01*
X96233Y67178D01*
X96265Y67251D01*
X96302Y67322D01*
X96342Y67391D01*
X96385Y67458D01*
X96432Y67523D01*
X96481Y67585D01*
X96534Y67645D01*
X96590Y67702D01*
X96648Y67757D01*
X96709Y67808D01*
X96773Y67856D01*
X96839Y67901D01*
X96907Y67943D01*
X96977Y67981D01*
X97049Y68015D01*
X97122Y68046D01*
X97197Y68074D01*
X97274Y68097D01*
X97351Y68117D01*
X97429Y68133D01*
X97508Y68145D01*
X97587Y68153D01*
X97667Y68157D01*
X97747Y68157D01*
X97827Y68153D01*
X97906Y68145D01*
X97985Y68133D01*
X98063Y68117D01*
X98140Y68097D01*
X98217Y68074D01*
X98292Y68046D01*
X98365Y68015D01*
X98437Y67981D01*
X98507Y67943D01*
X98575Y67901D01*
X98641Y67856D01*
X98705Y67808D01*
X98766Y67757D01*
X98824Y67702D01*
X98880Y67645D01*
X98933Y67585D01*
X98982Y67523D01*
X99029Y67458D01*
X99072Y67391D01*
X99112Y67322D01*
X99149Y67251D01*
X99181Y67178D01*
X99211Y67104D01*
X99236Y67029D01*
X99258Y66952D01*
X99275Y66874D01*
X99289Y66795D01*
X99299Y66716D01*
X99305Y66637D01*
X99307Y66557D01*
X99305Y66477D01*
X99299Y66398D01*
X99289Y66319D01*
X99275Y66240D01*
X99258Y66162D01*
X99236Y66085D01*
X99211Y66010D01*
X99181Y65936D01*
X99149Y65863D01*
X99112Y65792D01*
X99072Y65723D01*
X99029Y65656D01*
X98982Y65591D01*
X98933Y65529D01*
X98880Y65469D01*
X98824Y65412D01*
X98766Y65357D01*
X98705Y65306D01*
X98641Y65258D01*
X98575Y65213D01*
X98507Y65171D01*
X98437Y65133D01*
X98365Y65099D01*
X98292Y65068D01*
X98217Y65040D01*
X98140Y65017D01*
X98063Y64997D01*
X97985Y64981D01*
X97906Y64969D01*
X97827Y64961D01*
X97747Y64957D01*
X97667Y64957D01*
X97587Y64961D01*
X97508Y64969D01*
X97429Y64981D01*
X97351Y64997D01*
X97274Y65017D01*
X97197Y65040D01*
X97122Y65068D01*
X97049Y65099D01*
X96977Y65133D01*
X96907Y65171D01*
X96839Y65213D01*
X96773Y65258D01*
X96709Y65306D01*
X96648Y65357D01*
X96590Y65412D01*
X96534Y65469D01*
X96481Y65529D01*
X96432Y65591D01*
X96385Y65656D01*
X96342Y65723D01*
X96302Y65792D01*
X96265Y65863D01*
X96233Y65936D01*
X96203Y66010D01*
X96178Y66085D01*
X96156Y66162D01*
X96139Y66240D01*
X96125Y66319D01*
X96115Y66398D01*
X96109Y66477D01*
X96107Y66557D01*
X96257Y03407D02*
X96259Y03487D01*
X96265Y03566D01*
X96275Y03645D01*
X96289Y03724D01*
X96306Y03802D01*
X96328Y03879D01*
X96353Y03954D01*
X96383Y04028D01*
X96415Y04101D01*
X96452Y04172D01*
X96492Y04241D01*
X96535Y04308D01*
X96582Y04373D01*
X96631Y04435D01*
X96684Y04495D01*
X96740Y04552D01*
X96798Y04607D01*
X96859Y04658D01*
X96923Y04706D01*
X96989Y04751D01*
X97057Y04793D01*
X97127Y04831D01*
X97199Y04865D01*
X97272Y04896D01*
X97347Y04924D01*
X97424Y04947D01*
X97501Y04967D01*
X97579Y04983D01*
X97658Y04995D01*
X97737Y05003D01*
X97817Y05007D01*
X97897Y05007D01*
X97977Y05003D01*
X98056Y04995D01*
X98135Y04983D01*
X98213Y04967D01*
X98290Y04947D01*
X98367Y04924D01*
X98442Y04896D01*
X98515Y04865D01*
X98587Y04831D01*
X98657Y04793D01*
X98725Y04751D01*
X98791Y04706D01*
X98855Y04658D01*
X98916Y04607D01*
X98974Y04552D01*
X99030Y04495D01*
X99083Y04435D01*
X99132Y04373D01*
X99179Y04308D01*
X99222Y04241D01*
X99262Y04172D01*
X99299Y04101D01*
X99331Y04028D01*
X99361Y03954D01*
X99386Y03879D01*
X99408Y03802D01*
X99425Y03724D01*
X99439Y03645D01*
X99449Y03566D01*
X99455Y03487D01*
X99457Y03407D01*
X99455Y03327D01*
X99449Y03248D01*
X99439Y03169D01*
X99425Y03090D01*
X99408Y03012D01*
X99386Y02935D01*
X99361Y02860D01*
X99331Y02786D01*
X99299Y02713D01*
X99262Y02642D01*
X99222Y02573D01*
X99179Y02506D01*
X99132Y02441D01*
X99083Y02379D01*
X99030Y02319D01*
X98974Y02262D01*
X98916Y02207D01*
X98855Y02156D01*
X98791Y02108D01*
X98725Y02063D01*
X98657Y02021D01*
X98587Y01983D01*
X98515Y01949D01*
X98442Y01918D01*
X98367Y01890D01*
X98290Y01867D01*
X98213Y01847D01*
X98135Y01831D01*
X98056Y01819D01*
X97977Y01811D01*
X97897Y01807D01*
X97817Y01807D01*
X97737Y01811D01*
X97658Y01819D01*
X97579Y01831D01*
X97501Y01847D01*
X97424Y01867D01*
X97347Y01890D01*
X97272Y01918D01*
X97199Y01949D01*
X97127Y01983D01*
X97057Y02021D01*
X96989Y02063D01*
X96923Y02108D01*
X96859Y02156D01*
X96798Y02207D01*
X96740Y02262D01*
X96684Y02319D01*
X96631Y02379D01*
X96582Y02441D01*
X96535Y02506D01*
X96492Y02573D01*
X96452Y02642D01*
X96415Y02713D01*
X96383Y02786D01*
X96353Y02860D01*
X96328Y02935D01*
X96306Y03012D01*
X96289Y03090D01*
X96275Y03169D01*
X96265Y03248D01*
X96259Y03327D01*
X96257Y03407D01*
D11*
X00457Y00457D02*
X00457Y70457D01*
X100457Y70457D01*
X100457Y00457D01*
X00457Y00457D01*
M02*
