G75*
%MOMM*%
%OFA0B0*%
%FSLAX33Y33*%
%IPPOS*%
%LPD*%
%AMOC8*
5,1,8,0,0,1.08239X$1,22.5*
%
%ADD10C,0.000*%
%ADD11C,0.254*%
D10*
X04529Y46689D02*
X04531Y46772D01*
X04537Y46855D01*
X04547Y46938D01*
X04561Y47020D01*
X04578Y47102D01*
X04600Y47182D01*
X04625Y47261D01*
X04654Y47339D01*
X04687Y47416D01*
X04724Y47491D01*
X04763Y47564D01*
X04807Y47635D01*
X04853Y47704D01*
X04903Y47771D01*
X04956Y47835D01*
X05012Y47897D01*
X05071Y47956D01*
X05133Y48012D01*
X05197Y48065D01*
X05264Y48115D01*
X05333Y48161D01*
X05404Y48205D01*
X05477Y48244D01*
X05552Y48281D01*
X05629Y48314D01*
X05707Y48343D01*
X05786Y48368D01*
X05866Y48390D01*
X05948Y48407D01*
X06030Y48421D01*
X06113Y48431D01*
X06196Y48437D01*
X06279Y48439D01*
X06362Y48437D01*
X06445Y48431D01*
X06528Y48421D01*
X06610Y48407D01*
X06692Y48390D01*
X06772Y48368D01*
X06851Y48343D01*
X06929Y48314D01*
X07006Y48281D01*
X07081Y48244D01*
X07154Y48205D01*
X07225Y48161D01*
X07294Y48115D01*
X07361Y48065D01*
X07425Y48012D01*
X07487Y47956D01*
X07546Y47897D01*
X07602Y47835D01*
X07655Y47771D01*
X07705Y47704D01*
X07751Y47635D01*
X07795Y47564D01*
X07834Y47491D01*
X07871Y47416D01*
X07904Y47339D01*
X07933Y47261D01*
X07958Y47182D01*
X07980Y47102D01*
X07997Y47020D01*
X08011Y46938D01*
X08021Y46855D01*
X08027Y46772D01*
X08029Y46689D01*
X08027Y46606D01*
X08021Y46523D01*
X08011Y46440D01*
X07997Y46358D01*
X07980Y46276D01*
X07958Y46196D01*
X07933Y46117D01*
X07904Y46039D01*
X07871Y45962D01*
X07834Y45887D01*
X07795Y45814D01*
X07751Y45743D01*
X07705Y45674D01*
X07655Y45607D01*
X07602Y45543D01*
X07546Y45481D01*
X07487Y45422D01*
X07425Y45366D01*
X07361Y45313D01*
X07294Y45263D01*
X07225Y45217D01*
X07154Y45173D01*
X07081Y45134D01*
X07006Y45097D01*
X06929Y45064D01*
X06851Y45035D01*
X06772Y45010D01*
X06692Y44988D01*
X06610Y44971D01*
X06528Y44957D01*
X06445Y44947D01*
X06362Y44941D01*
X06279Y44939D01*
X06196Y44941D01*
X06113Y44947D01*
X06030Y44957D01*
X05948Y44971D01*
X05866Y44988D01*
X05786Y45010D01*
X05707Y45035D01*
X05629Y45064D01*
X05552Y45097D01*
X05477Y45134D01*
X05404Y45173D01*
X05333Y45217D01*
X05264Y45263D01*
X05197Y45313D01*
X05133Y45366D01*
X05071Y45422D01*
X05012Y45481D01*
X04956Y45543D01*
X04903Y45607D01*
X04853Y45674D01*
X04807Y45743D01*
X04763Y45814D01*
X04724Y45887D01*
X04687Y45962D01*
X04654Y46039D01*
X04625Y46117D01*
X04600Y46196D01*
X04578Y46276D01*
X04561Y46358D01*
X04547Y46440D01*
X04537Y46523D01*
X04531Y46606D01*
X04529Y46689D01*
X12529Y46689D02*
X12531Y46772D01*
X12537Y46855D01*
X12547Y46938D01*
X12561Y47020D01*
X12578Y47102D01*
X12600Y47182D01*
X12625Y47261D01*
X12654Y47339D01*
X12687Y47416D01*
X12724Y47491D01*
X12763Y47564D01*
X12807Y47635D01*
X12853Y47704D01*
X12903Y47771D01*
X12956Y47835D01*
X13012Y47897D01*
X13071Y47956D01*
X13133Y48012D01*
X13197Y48065D01*
X13264Y48115D01*
X13333Y48161D01*
X13404Y48205D01*
X13477Y48244D01*
X13552Y48281D01*
X13629Y48314D01*
X13707Y48343D01*
X13786Y48368D01*
X13866Y48390D01*
X13948Y48407D01*
X14030Y48421D01*
X14113Y48431D01*
X14196Y48437D01*
X14279Y48439D01*
X14362Y48437D01*
X14445Y48431D01*
X14528Y48421D01*
X14610Y48407D01*
X14692Y48390D01*
X14772Y48368D01*
X14851Y48343D01*
X14929Y48314D01*
X15006Y48281D01*
X15081Y48244D01*
X15154Y48205D01*
X15225Y48161D01*
X15294Y48115D01*
X15361Y48065D01*
X15425Y48012D01*
X15487Y47956D01*
X15546Y47897D01*
X15602Y47835D01*
X15655Y47771D01*
X15705Y47704D01*
X15751Y47635D01*
X15795Y47564D01*
X15834Y47491D01*
X15871Y47416D01*
X15904Y47339D01*
X15933Y47261D01*
X15958Y47182D01*
X15980Y47102D01*
X15997Y47020D01*
X16011Y46938D01*
X16021Y46855D01*
X16027Y46772D01*
X16029Y46689D01*
X16027Y46606D01*
X16021Y46523D01*
X16011Y46440D01*
X15997Y46358D01*
X15980Y46276D01*
X15958Y46196D01*
X15933Y46117D01*
X15904Y46039D01*
X15871Y45962D01*
X15834Y45887D01*
X15795Y45814D01*
X15751Y45743D01*
X15705Y45674D01*
X15655Y45607D01*
X15602Y45543D01*
X15546Y45481D01*
X15487Y45422D01*
X15425Y45366D01*
X15361Y45313D01*
X15294Y45263D01*
X15225Y45217D01*
X15154Y45173D01*
X15081Y45134D01*
X15006Y45097D01*
X14929Y45064D01*
X14851Y45035D01*
X14772Y45010D01*
X14692Y44988D01*
X14610Y44971D01*
X14528Y44957D01*
X14445Y44947D01*
X14362Y44941D01*
X14279Y44939D01*
X14196Y44941D01*
X14113Y44947D01*
X14030Y44957D01*
X13948Y44971D01*
X13866Y44988D01*
X13786Y45010D01*
X13707Y45035D01*
X13629Y45064D01*
X13552Y45097D01*
X13477Y45134D01*
X13404Y45173D01*
X13333Y45217D01*
X13264Y45263D01*
X13197Y45313D01*
X13133Y45366D01*
X13071Y45422D01*
X13012Y45481D01*
X12956Y45543D01*
X12903Y45607D01*
X12853Y45674D01*
X12807Y45743D01*
X12763Y45814D01*
X12724Y45887D01*
X12687Y45962D01*
X12654Y46039D01*
X12625Y46117D01*
X12600Y46196D01*
X12578Y46276D01*
X12561Y46358D01*
X12547Y46440D01*
X12537Y46523D01*
X12531Y46606D01*
X12529Y46689D01*
X22944Y47324D02*
X22946Y47407D01*
X22952Y47490D01*
X22962Y47573D01*
X22976Y47655D01*
X22993Y47737D01*
X23015Y47817D01*
X23040Y47896D01*
X23069Y47974D01*
X23102Y48051D01*
X23139Y48126D01*
X23178Y48199D01*
X23222Y48270D01*
X23268Y48339D01*
X23318Y48406D01*
X23371Y48470D01*
X23427Y48532D01*
X23486Y48591D01*
X23548Y48647D01*
X23612Y48700D01*
X23679Y48750D01*
X23748Y48796D01*
X23819Y48840D01*
X23892Y48879D01*
X23967Y48916D01*
X24044Y48949D01*
X24122Y48978D01*
X24201Y49003D01*
X24281Y49025D01*
X24363Y49042D01*
X24445Y49056D01*
X24528Y49066D01*
X24611Y49072D01*
X24694Y49074D01*
X24777Y49072D01*
X24860Y49066D01*
X24943Y49056D01*
X25025Y49042D01*
X25107Y49025D01*
X25187Y49003D01*
X25266Y48978D01*
X25344Y48949D01*
X25421Y48916D01*
X25496Y48879D01*
X25569Y48840D01*
X25640Y48796D01*
X25709Y48750D01*
X25776Y48700D01*
X25840Y48647D01*
X25902Y48591D01*
X25961Y48532D01*
X26017Y48470D01*
X26070Y48406D01*
X26120Y48339D01*
X26166Y48270D01*
X26210Y48199D01*
X26249Y48126D01*
X26286Y48051D01*
X26319Y47974D01*
X26348Y47896D01*
X26373Y47817D01*
X26395Y47737D01*
X26412Y47655D01*
X26426Y47573D01*
X26436Y47490D01*
X26442Y47407D01*
X26444Y47324D01*
X26442Y47241D01*
X26436Y47158D01*
X26426Y47075D01*
X26412Y46993D01*
X26395Y46911D01*
X26373Y46831D01*
X26348Y46752D01*
X26319Y46674D01*
X26286Y46597D01*
X26249Y46522D01*
X26210Y46449D01*
X26166Y46378D01*
X26120Y46309D01*
X26070Y46242D01*
X26017Y46178D01*
X25961Y46116D01*
X25902Y46057D01*
X25840Y46001D01*
X25776Y45948D01*
X25709Y45898D01*
X25640Y45852D01*
X25569Y45808D01*
X25496Y45769D01*
X25421Y45732D01*
X25344Y45699D01*
X25266Y45670D01*
X25187Y45645D01*
X25107Y45623D01*
X25025Y45606D01*
X24943Y45592D01*
X24860Y45582D01*
X24777Y45576D01*
X24694Y45574D01*
X24611Y45576D01*
X24528Y45582D01*
X24445Y45592D01*
X24363Y45606D01*
X24281Y45623D01*
X24201Y45645D01*
X24122Y45670D01*
X24044Y45699D01*
X23967Y45732D01*
X23892Y45769D01*
X23819Y45808D01*
X23748Y45852D01*
X23679Y45898D01*
X23612Y45948D01*
X23548Y46001D01*
X23486Y46057D01*
X23427Y46116D01*
X23371Y46178D01*
X23318Y46242D01*
X23268Y46309D01*
X23222Y46378D01*
X23178Y46449D01*
X23139Y46522D01*
X23102Y46597D01*
X23069Y46674D01*
X23040Y46752D01*
X23015Y46831D01*
X22993Y46911D01*
X22976Y46993D01*
X22962Y47075D01*
X22952Y47158D01*
X22946Y47241D01*
X22944Y47324D01*
X31199Y47324D02*
X31201Y47407D01*
X31207Y47490D01*
X31217Y47573D01*
X31231Y47655D01*
X31248Y47737D01*
X31270Y47817D01*
X31295Y47896D01*
X31324Y47974D01*
X31357Y48051D01*
X31394Y48126D01*
X31433Y48199D01*
X31477Y48270D01*
X31523Y48339D01*
X31573Y48406D01*
X31626Y48470D01*
X31682Y48532D01*
X31741Y48591D01*
X31803Y48647D01*
X31867Y48700D01*
X31934Y48750D01*
X32003Y48796D01*
X32074Y48840D01*
X32147Y48879D01*
X32222Y48916D01*
X32299Y48949D01*
X32377Y48978D01*
X32456Y49003D01*
X32536Y49025D01*
X32618Y49042D01*
X32700Y49056D01*
X32783Y49066D01*
X32866Y49072D01*
X32949Y49074D01*
X33032Y49072D01*
X33115Y49066D01*
X33198Y49056D01*
X33280Y49042D01*
X33362Y49025D01*
X33442Y49003D01*
X33521Y48978D01*
X33599Y48949D01*
X33676Y48916D01*
X33751Y48879D01*
X33824Y48840D01*
X33895Y48796D01*
X33964Y48750D01*
X34031Y48700D01*
X34095Y48647D01*
X34157Y48591D01*
X34216Y48532D01*
X34272Y48470D01*
X34325Y48406D01*
X34375Y48339D01*
X34421Y48270D01*
X34465Y48199D01*
X34504Y48126D01*
X34541Y48051D01*
X34574Y47974D01*
X34603Y47896D01*
X34628Y47817D01*
X34650Y47737D01*
X34667Y47655D01*
X34681Y47573D01*
X34691Y47490D01*
X34697Y47407D01*
X34699Y47324D01*
X34697Y47241D01*
X34691Y47158D01*
X34681Y47075D01*
X34667Y46993D01*
X34650Y46911D01*
X34628Y46831D01*
X34603Y46752D01*
X34574Y46674D01*
X34541Y46597D01*
X34504Y46522D01*
X34465Y46449D01*
X34421Y46378D01*
X34375Y46309D01*
X34325Y46242D01*
X34272Y46178D01*
X34216Y46116D01*
X34157Y46057D01*
X34095Y46001D01*
X34031Y45948D01*
X33964Y45898D01*
X33895Y45852D01*
X33824Y45808D01*
X33751Y45769D01*
X33676Y45732D01*
X33599Y45699D01*
X33521Y45670D01*
X33442Y45645D01*
X33362Y45623D01*
X33280Y45606D01*
X33198Y45592D01*
X33115Y45582D01*
X33032Y45576D01*
X32949Y45574D01*
X32866Y45576D01*
X32783Y45582D01*
X32700Y45592D01*
X32618Y45606D01*
X32536Y45623D01*
X32456Y45645D01*
X32377Y45670D01*
X32299Y45699D01*
X32222Y45732D01*
X32147Y45769D01*
X32074Y45808D01*
X32003Y45852D01*
X31934Y45898D01*
X31867Y45948D01*
X31803Y46001D01*
X31741Y46057D01*
X31682Y46116D01*
X31626Y46178D01*
X31573Y46242D01*
X31523Y46309D01*
X31477Y46378D01*
X31433Y46449D01*
X31394Y46522D01*
X31357Y46597D01*
X31324Y46674D01*
X31295Y46752D01*
X31270Y46831D01*
X31248Y46911D01*
X31231Y46993D01*
X31217Y47075D01*
X31207Y47158D01*
X31201Y47241D01*
X31199Y47324D01*
X41359Y47324D02*
X41361Y47407D01*
X41367Y47490D01*
X41377Y47573D01*
X41391Y47655D01*
X41408Y47737D01*
X41430Y47817D01*
X41455Y47896D01*
X41484Y47974D01*
X41517Y48051D01*
X41554Y48126D01*
X41593Y48199D01*
X41637Y48270D01*
X41683Y48339D01*
X41733Y48406D01*
X41786Y48470D01*
X41842Y48532D01*
X41901Y48591D01*
X41963Y48647D01*
X42027Y48700D01*
X42094Y48750D01*
X42163Y48796D01*
X42234Y48840D01*
X42307Y48879D01*
X42382Y48916D01*
X42459Y48949D01*
X42537Y48978D01*
X42616Y49003D01*
X42696Y49025D01*
X42778Y49042D01*
X42860Y49056D01*
X42943Y49066D01*
X43026Y49072D01*
X43109Y49074D01*
X43192Y49072D01*
X43275Y49066D01*
X43358Y49056D01*
X43440Y49042D01*
X43522Y49025D01*
X43602Y49003D01*
X43681Y48978D01*
X43759Y48949D01*
X43836Y48916D01*
X43911Y48879D01*
X43984Y48840D01*
X44055Y48796D01*
X44124Y48750D01*
X44191Y48700D01*
X44255Y48647D01*
X44317Y48591D01*
X44376Y48532D01*
X44432Y48470D01*
X44485Y48406D01*
X44535Y48339D01*
X44581Y48270D01*
X44625Y48199D01*
X44664Y48126D01*
X44701Y48051D01*
X44734Y47974D01*
X44763Y47896D01*
X44788Y47817D01*
X44810Y47737D01*
X44827Y47655D01*
X44841Y47573D01*
X44851Y47490D01*
X44857Y47407D01*
X44859Y47324D01*
X44857Y47241D01*
X44851Y47158D01*
X44841Y47075D01*
X44827Y46993D01*
X44810Y46911D01*
X44788Y46831D01*
X44763Y46752D01*
X44734Y46674D01*
X44701Y46597D01*
X44664Y46522D01*
X44625Y46449D01*
X44581Y46378D01*
X44535Y46309D01*
X44485Y46242D01*
X44432Y46178D01*
X44376Y46116D01*
X44317Y46057D01*
X44255Y46001D01*
X44191Y45948D01*
X44124Y45898D01*
X44055Y45852D01*
X43984Y45808D01*
X43911Y45769D01*
X43836Y45732D01*
X43759Y45699D01*
X43681Y45670D01*
X43602Y45645D01*
X43522Y45623D01*
X43440Y45606D01*
X43358Y45592D01*
X43275Y45582D01*
X43192Y45576D01*
X43109Y45574D01*
X43026Y45576D01*
X42943Y45582D01*
X42860Y45592D01*
X42778Y45606D01*
X42696Y45623D01*
X42616Y45645D01*
X42537Y45670D01*
X42459Y45699D01*
X42382Y45732D01*
X42307Y45769D01*
X42234Y45808D01*
X42163Y45852D01*
X42094Y45898D01*
X42027Y45948D01*
X41963Y46001D01*
X41901Y46057D01*
X41842Y46116D01*
X41786Y46178D01*
X41733Y46242D01*
X41683Y46309D01*
X41637Y46378D01*
X41593Y46449D01*
X41554Y46522D01*
X41517Y46597D01*
X41484Y46674D01*
X41455Y46752D01*
X41430Y46831D01*
X41408Y46911D01*
X41391Y46993D01*
X41377Y47075D01*
X41367Y47158D01*
X41361Y47241D01*
X41359Y47324D01*
X49614Y47324D02*
X49616Y47407D01*
X49622Y47490D01*
X49632Y47573D01*
X49646Y47655D01*
X49663Y47737D01*
X49685Y47817D01*
X49710Y47896D01*
X49739Y47974D01*
X49772Y48051D01*
X49809Y48126D01*
X49848Y48199D01*
X49892Y48270D01*
X49938Y48339D01*
X49988Y48406D01*
X50041Y48470D01*
X50097Y48532D01*
X50156Y48591D01*
X50218Y48647D01*
X50282Y48700D01*
X50349Y48750D01*
X50418Y48796D01*
X50489Y48840D01*
X50562Y48879D01*
X50637Y48916D01*
X50714Y48949D01*
X50792Y48978D01*
X50871Y49003D01*
X50951Y49025D01*
X51033Y49042D01*
X51115Y49056D01*
X51198Y49066D01*
X51281Y49072D01*
X51364Y49074D01*
X51447Y49072D01*
X51530Y49066D01*
X51613Y49056D01*
X51695Y49042D01*
X51777Y49025D01*
X51857Y49003D01*
X51936Y48978D01*
X52014Y48949D01*
X52091Y48916D01*
X52166Y48879D01*
X52239Y48840D01*
X52310Y48796D01*
X52379Y48750D01*
X52446Y48700D01*
X52510Y48647D01*
X52572Y48591D01*
X52631Y48532D01*
X52687Y48470D01*
X52740Y48406D01*
X52790Y48339D01*
X52836Y48270D01*
X52880Y48199D01*
X52919Y48126D01*
X52956Y48051D01*
X52989Y47974D01*
X53018Y47896D01*
X53043Y47817D01*
X53065Y47737D01*
X53082Y47655D01*
X53096Y47573D01*
X53106Y47490D01*
X53112Y47407D01*
X53114Y47324D01*
X53112Y47241D01*
X53106Y47158D01*
X53096Y47075D01*
X53082Y46993D01*
X53065Y46911D01*
X53043Y46831D01*
X53018Y46752D01*
X52989Y46674D01*
X52956Y46597D01*
X52919Y46522D01*
X52880Y46449D01*
X52836Y46378D01*
X52790Y46309D01*
X52740Y46242D01*
X52687Y46178D01*
X52631Y46116D01*
X52572Y46057D01*
X52510Y46001D01*
X52446Y45948D01*
X52379Y45898D01*
X52310Y45852D01*
X52239Y45808D01*
X52166Y45769D01*
X52091Y45732D01*
X52014Y45699D01*
X51936Y45670D01*
X51857Y45645D01*
X51777Y45623D01*
X51695Y45606D01*
X51613Y45592D01*
X51530Y45582D01*
X51447Y45576D01*
X51364Y45574D01*
X51281Y45576D01*
X51198Y45582D01*
X51115Y45592D01*
X51033Y45606D01*
X50951Y45623D01*
X50871Y45645D01*
X50792Y45670D01*
X50714Y45699D01*
X50637Y45732D01*
X50562Y45769D01*
X50489Y45808D01*
X50418Y45852D01*
X50349Y45898D01*
X50282Y45948D01*
X50218Y46001D01*
X50156Y46057D01*
X50097Y46116D01*
X50041Y46178D01*
X49988Y46242D01*
X49938Y46309D01*
X49892Y46378D01*
X49848Y46449D01*
X49809Y46522D01*
X49772Y46597D01*
X49739Y46674D01*
X49710Y46752D01*
X49685Y46831D01*
X49663Y46911D01*
X49646Y46993D01*
X49632Y47075D01*
X49622Y47158D01*
X49616Y47241D01*
X49614Y47324D01*
X59774Y47324D02*
X59776Y47407D01*
X59782Y47490D01*
X59792Y47573D01*
X59806Y47655D01*
X59823Y47737D01*
X59845Y47817D01*
X59870Y47896D01*
X59899Y47974D01*
X59932Y48051D01*
X59969Y48126D01*
X60008Y48199D01*
X60052Y48270D01*
X60098Y48339D01*
X60148Y48406D01*
X60201Y48470D01*
X60257Y48532D01*
X60316Y48591D01*
X60378Y48647D01*
X60442Y48700D01*
X60509Y48750D01*
X60578Y48796D01*
X60649Y48840D01*
X60722Y48879D01*
X60797Y48916D01*
X60874Y48949D01*
X60952Y48978D01*
X61031Y49003D01*
X61111Y49025D01*
X61193Y49042D01*
X61275Y49056D01*
X61358Y49066D01*
X61441Y49072D01*
X61524Y49074D01*
X61607Y49072D01*
X61690Y49066D01*
X61773Y49056D01*
X61855Y49042D01*
X61937Y49025D01*
X62017Y49003D01*
X62096Y48978D01*
X62174Y48949D01*
X62251Y48916D01*
X62326Y48879D01*
X62399Y48840D01*
X62470Y48796D01*
X62539Y48750D01*
X62606Y48700D01*
X62670Y48647D01*
X62732Y48591D01*
X62791Y48532D01*
X62847Y48470D01*
X62900Y48406D01*
X62950Y48339D01*
X62996Y48270D01*
X63040Y48199D01*
X63079Y48126D01*
X63116Y48051D01*
X63149Y47974D01*
X63178Y47896D01*
X63203Y47817D01*
X63225Y47737D01*
X63242Y47655D01*
X63256Y47573D01*
X63266Y47490D01*
X63272Y47407D01*
X63274Y47324D01*
X63272Y47241D01*
X63266Y47158D01*
X63256Y47075D01*
X63242Y46993D01*
X63225Y46911D01*
X63203Y46831D01*
X63178Y46752D01*
X63149Y46674D01*
X63116Y46597D01*
X63079Y46522D01*
X63040Y46449D01*
X62996Y46378D01*
X62950Y46309D01*
X62900Y46242D01*
X62847Y46178D01*
X62791Y46116D01*
X62732Y46057D01*
X62670Y46001D01*
X62606Y45948D01*
X62539Y45898D01*
X62470Y45852D01*
X62399Y45808D01*
X62326Y45769D01*
X62251Y45732D01*
X62174Y45699D01*
X62096Y45670D01*
X62017Y45645D01*
X61937Y45623D01*
X61855Y45606D01*
X61773Y45592D01*
X61690Y45582D01*
X61607Y45576D01*
X61524Y45574D01*
X61441Y45576D01*
X61358Y45582D01*
X61275Y45592D01*
X61193Y45606D01*
X61111Y45623D01*
X61031Y45645D01*
X60952Y45670D01*
X60874Y45699D01*
X60797Y45732D01*
X60722Y45769D01*
X60649Y45808D01*
X60578Y45852D01*
X60509Y45898D01*
X60442Y45948D01*
X60378Y46001D01*
X60316Y46057D01*
X60257Y46116D01*
X60201Y46178D01*
X60148Y46242D01*
X60098Y46309D01*
X60052Y46378D01*
X60008Y46449D01*
X59969Y46522D01*
X59932Y46597D01*
X59899Y46674D01*
X59870Y46752D01*
X59845Y46831D01*
X59823Y46911D01*
X59806Y46993D01*
X59792Y47075D01*
X59782Y47158D01*
X59776Y47241D01*
X59774Y47324D01*
X68664Y47324D02*
X68666Y47407D01*
X68672Y47490D01*
X68682Y47573D01*
X68696Y47655D01*
X68713Y47737D01*
X68735Y47817D01*
X68760Y47896D01*
X68789Y47974D01*
X68822Y48051D01*
X68859Y48126D01*
X68898Y48199D01*
X68942Y48270D01*
X68988Y48339D01*
X69038Y48406D01*
X69091Y48470D01*
X69147Y48532D01*
X69206Y48591D01*
X69268Y48647D01*
X69332Y48700D01*
X69399Y48750D01*
X69468Y48796D01*
X69539Y48840D01*
X69612Y48879D01*
X69687Y48916D01*
X69764Y48949D01*
X69842Y48978D01*
X69921Y49003D01*
X70001Y49025D01*
X70083Y49042D01*
X70165Y49056D01*
X70248Y49066D01*
X70331Y49072D01*
X70414Y49074D01*
X70497Y49072D01*
X70580Y49066D01*
X70663Y49056D01*
X70745Y49042D01*
X70827Y49025D01*
X70907Y49003D01*
X70986Y48978D01*
X71064Y48949D01*
X71141Y48916D01*
X71216Y48879D01*
X71289Y48840D01*
X71360Y48796D01*
X71429Y48750D01*
X71496Y48700D01*
X71560Y48647D01*
X71622Y48591D01*
X71681Y48532D01*
X71737Y48470D01*
X71790Y48406D01*
X71840Y48339D01*
X71886Y48270D01*
X71930Y48199D01*
X71969Y48126D01*
X72006Y48051D01*
X72039Y47974D01*
X72068Y47896D01*
X72093Y47817D01*
X72115Y47737D01*
X72132Y47655D01*
X72146Y47573D01*
X72156Y47490D01*
X72162Y47407D01*
X72164Y47324D01*
X72162Y47241D01*
X72156Y47158D01*
X72146Y47075D01*
X72132Y46993D01*
X72115Y46911D01*
X72093Y46831D01*
X72068Y46752D01*
X72039Y46674D01*
X72006Y46597D01*
X71969Y46522D01*
X71930Y46449D01*
X71886Y46378D01*
X71840Y46309D01*
X71790Y46242D01*
X71737Y46178D01*
X71681Y46116D01*
X71622Y46057D01*
X71560Y46001D01*
X71496Y45948D01*
X71429Y45898D01*
X71360Y45852D01*
X71289Y45808D01*
X71216Y45769D01*
X71141Y45732D01*
X71064Y45699D01*
X70986Y45670D01*
X70907Y45645D01*
X70827Y45623D01*
X70745Y45606D01*
X70663Y45592D01*
X70580Y45582D01*
X70497Y45576D01*
X70414Y45574D01*
X70331Y45576D01*
X70248Y45582D01*
X70165Y45592D01*
X70083Y45606D01*
X70001Y45623D01*
X69921Y45645D01*
X69842Y45670D01*
X69764Y45699D01*
X69687Y45732D01*
X69612Y45769D01*
X69539Y45808D01*
X69468Y45852D01*
X69399Y45898D01*
X69332Y45948D01*
X69268Y46001D01*
X69206Y46057D01*
X69147Y46116D01*
X69091Y46178D01*
X69038Y46242D01*
X68988Y46309D01*
X68942Y46378D01*
X68898Y46449D01*
X68859Y46522D01*
X68822Y46597D01*
X68789Y46674D01*
X68760Y46752D01*
X68735Y46831D01*
X68713Y46911D01*
X68696Y46993D01*
X68682Y47075D01*
X68672Y47158D01*
X68666Y47241D01*
X68664Y47324D01*
X78189Y47324D02*
X78191Y47407D01*
X78197Y47490D01*
X78207Y47573D01*
X78221Y47655D01*
X78238Y47737D01*
X78260Y47817D01*
X78285Y47896D01*
X78314Y47974D01*
X78347Y48051D01*
X78384Y48126D01*
X78423Y48199D01*
X78467Y48270D01*
X78513Y48339D01*
X78563Y48406D01*
X78616Y48470D01*
X78672Y48532D01*
X78731Y48591D01*
X78793Y48647D01*
X78857Y48700D01*
X78924Y48750D01*
X78993Y48796D01*
X79064Y48840D01*
X79137Y48879D01*
X79212Y48916D01*
X79289Y48949D01*
X79367Y48978D01*
X79446Y49003D01*
X79526Y49025D01*
X79608Y49042D01*
X79690Y49056D01*
X79773Y49066D01*
X79856Y49072D01*
X79939Y49074D01*
X80022Y49072D01*
X80105Y49066D01*
X80188Y49056D01*
X80270Y49042D01*
X80352Y49025D01*
X80432Y49003D01*
X80511Y48978D01*
X80589Y48949D01*
X80666Y48916D01*
X80741Y48879D01*
X80814Y48840D01*
X80885Y48796D01*
X80954Y48750D01*
X81021Y48700D01*
X81085Y48647D01*
X81147Y48591D01*
X81206Y48532D01*
X81262Y48470D01*
X81315Y48406D01*
X81365Y48339D01*
X81411Y48270D01*
X81455Y48199D01*
X81494Y48126D01*
X81531Y48051D01*
X81564Y47974D01*
X81593Y47896D01*
X81618Y47817D01*
X81640Y47737D01*
X81657Y47655D01*
X81671Y47573D01*
X81681Y47490D01*
X81687Y47407D01*
X81689Y47324D01*
X81687Y47241D01*
X81681Y47158D01*
X81671Y47075D01*
X81657Y46993D01*
X81640Y46911D01*
X81618Y46831D01*
X81593Y46752D01*
X81564Y46674D01*
X81531Y46597D01*
X81494Y46522D01*
X81455Y46449D01*
X81411Y46378D01*
X81365Y46309D01*
X81315Y46242D01*
X81262Y46178D01*
X81206Y46116D01*
X81147Y46057D01*
X81085Y46001D01*
X81021Y45948D01*
X80954Y45898D01*
X80885Y45852D01*
X80814Y45808D01*
X80741Y45769D01*
X80666Y45732D01*
X80589Y45699D01*
X80511Y45670D01*
X80432Y45645D01*
X80352Y45623D01*
X80270Y45606D01*
X80188Y45592D01*
X80105Y45582D01*
X80022Y45576D01*
X79939Y45574D01*
X79856Y45576D01*
X79773Y45582D01*
X79690Y45592D01*
X79608Y45606D01*
X79526Y45623D01*
X79446Y45645D01*
X79367Y45670D01*
X79289Y45699D01*
X79212Y45732D01*
X79137Y45769D01*
X79064Y45808D01*
X78993Y45852D01*
X78924Y45898D01*
X78857Y45948D01*
X78793Y46001D01*
X78731Y46057D01*
X78672Y46116D01*
X78616Y46178D01*
X78563Y46242D01*
X78513Y46309D01*
X78467Y46378D01*
X78423Y46449D01*
X78384Y46522D01*
X78347Y46597D01*
X78314Y46674D01*
X78285Y46752D01*
X78260Y46831D01*
X78238Y46911D01*
X78221Y46993D01*
X78207Y47075D01*
X78197Y47158D01*
X78191Y47241D01*
X78189Y47324D01*
X86444Y47324D02*
X86446Y47407D01*
X86452Y47490D01*
X86462Y47573D01*
X86476Y47655D01*
X86493Y47737D01*
X86515Y47817D01*
X86540Y47896D01*
X86569Y47974D01*
X86602Y48051D01*
X86639Y48126D01*
X86678Y48199D01*
X86722Y48270D01*
X86768Y48339D01*
X86818Y48406D01*
X86871Y48470D01*
X86927Y48532D01*
X86986Y48591D01*
X87048Y48647D01*
X87112Y48700D01*
X87179Y48750D01*
X87248Y48796D01*
X87319Y48840D01*
X87392Y48879D01*
X87467Y48916D01*
X87544Y48949D01*
X87622Y48978D01*
X87701Y49003D01*
X87781Y49025D01*
X87863Y49042D01*
X87945Y49056D01*
X88028Y49066D01*
X88111Y49072D01*
X88194Y49074D01*
X88277Y49072D01*
X88360Y49066D01*
X88443Y49056D01*
X88525Y49042D01*
X88607Y49025D01*
X88687Y49003D01*
X88766Y48978D01*
X88844Y48949D01*
X88921Y48916D01*
X88996Y48879D01*
X89069Y48840D01*
X89140Y48796D01*
X89209Y48750D01*
X89276Y48700D01*
X89340Y48647D01*
X89402Y48591D01*
X89461Y48532D01*
X89517Y48470D01*
X89570Y48406D01*
X89620Y48339D01*
X89666Y48270D01*
X89710Y48199D01*
X89749Y48126D01*
X89786Y48051D01*
X89819Y47974D01*
X89848Y47896D01*
X89873Y47817D01*
X89895Y47737D01*
X89912Y47655D01*
X89926Y47573D01*
X89936Y47490D01*
X89942Y47407D01*
X89944Y47324D01*
X89942Y47241D01*
X89936Y47158D01*
X89926Y47075D01*
X89912Y46993D01*
X89895Y46911D01*
X89873Y46831D01*
X89848Y46752D01*
X89819Y46674D01*
X89786Y46597D01*
X89749Y46522D01*
X89710Y46449D01*
X89666Y46378D01*
X89620Y46309D01*
X89570Y46242D01*
X89517Y46178D01*
X89461Y46116D01*
X89402Y46057D01*
X89340Y46001D01*
X89276Y45948D01*
X89209Y45898D01*
X89140Y45852D01*
X89069Y45808D01*
X88996Y45769D01*
X88921Y45732D01*
X88844Y45699D01*
X88766Y45670D01*
X88687Y45645D01*
X88607Y45623D01*
X88525Y45606D01*
X88443Y45592D01*
X88360Y45582D01*
X88277Y45576D01*
X88194Y45574D01*
X88111Y45576D01*
X88028Y45582D01*
X87945Y45592D01*
X87863Y45606D01*
X87781Y45623D01*
X87701Y45645D01*
X87622Y45670D01*
X87544Y45699D01*
X87467Y45732D01*
X87392Y45769D01*
X87319Y45808D01*
X87248Y45852D01*
X87179Y45898D01*
X87112Y45948D01*
X87048Y46001D01*
X86986Y46057D01*
X86927Y46116D01*
X86871Y46178D01*
X86818Y46242D01*
X86768Y46309D01*
X86722Y46378D01*
X86678Y46449D01*
X86639Y46522D01*
X86602Y46597D01*
X86569Y46674D01*
X86540Y46752D01*
X86515Y46831D01*
X86493Y46911D01*
X86476Y46993D01*
X86462Y47075D01*
X86452Y47158D01*
X86446Y47241D01*
X86444Y47324D01*
D11*
X00889Y00889D02*
X00889Y99889D01*
X18889Y99889D01*
X18889Y00889D01*
X37389Y00889D01*
X55889Y00889D01*
X55889Y99889D01*
X73889Y99889D01*
X74389Y99889D01*
X74389Y00889D01*
X92889Y00889D01*
X92889Y99889D01*
X74389Y99889D01*
X73889Y99889D01*
X55889Y99889D02*
X37889Y99889D01*
X37389Y99889D01*
X37389Y00889D01*
X55889Y00889D01*
X74389Y00889D01*
X18889Y00889D02*
X00889Y00889D01*
X18889Y99889D02*
X37389Y99889D01*
X37889Y99889D01*
M02*
