G75*
%MOMM*%
%OFA0B0*%
%FSLAX33Y33*%
%IPPOS*%
%LPD*%
%AMOC8*
5,1,8,0,0,1.08239X$1,22.5*
%
%ADD10C,0.000*%
%ADD11C,0.406*%
D10*
X03907Y04757D02*
X03909Y04837D01*
X03915Y04916D01*
X03925Y04995D01*
X03939Y05074D01*
X03956Y05152D01*
X03978Y05229D01*
X04003Y05304D01*
X04033Y05378D01*
X04065Y05451D01*
X04102Y05522D01*
X04142Y05591D01*
X04185Y05658D01*
X04232Y05723D01*
X04281Y05785D01*
X04334Y05845D01*
X04390Y05902D01*
X04448Y05957D01*
X04509Y06008D01*
X04573Y06056D01*
X04639Y06101D01*
X04707Y06143D01*
X04777Y06181D01*
X04849Y06215D01*
X04922Y06246D01*
X04997Y06274D01*
X05074Y06297D01*
X05151Y06317D01*
X05229Y06333D01*
X05308Y06345D01*
X05387Y06353D01*
X05467Y06357D01*
X05547Y06357D01*
X05627Y06353D01*
X05706Y06345D01*
X05785Y06333D01*
X05863Y06317D01*
X05940Y06297D01*
X06017Y06274D01*
X06092Y06246D01*
X06165Y06215D01*
X06237Y06181D01*
X06307Y06143D01*
X06375Y06101D01*
X06441Y06056D01*
X06505Y06008D01*
X06566Y05957D01*
X06624Y05902D01*
X06680Y05845D01*
X06733Y05785D01*
X06782Y05723D01*
X06829Y05658D01*
X06872Y05591D01*
X06912Y05522D01*
X06949Y05451D01*
X06981Y05378D01*
X07011Y05304D01*
X07036Y05229D01*
X07058Y05152D01*
X07075Y05074D01*
X07089Y04995D01*
X07099Y04916D01*
X07105Y04837D01*
X07107Y04757D01*
X07105Y04677D01*
X07099Y04598D01*
X07089Y04519D01*
X07075Y04440D01*
X07058Y04362D01*
X07036Y04285D01*
X07011Y04210D01*
X06981Y04136D01*
X06949Y04063D01*
X06912Y03992D01*
X06872Y03923D01*
X06829Y03856D01*
X06782Y03791D01*
X06733Y03729D01*
X06680Y03669D01*
X06624Y03612D01*
X06566Y03557D01*
X06505Y03506D01*
X06441Y03458D01*
X06375Y03413D01*
X06307Y03371D01*
X06237Y03333D01*
X06165Y03299D01*
X06092Y03268D01*
X06017Y03240D01*
X05940Y03217D01*
X05863Y03197D01*
X05785Y03181D01*
X05706Y03169D01*
X05627Y03161D01*
X05547Y03157D01*
X05467Y03157D01*
X05387Y03161D01*
X05308Y03169D01*
X05229Y03181D01*
X05151Y03197D01*
X05074Y03217D01*
X04997Y03240D01*
X04922Y03268D01*
X04849Y03299D01*
X04777Y03333D01*
X04707Y03371D01*
X04639Y03413D01*
X04573Y03458D01*
X04509Y03506D01*
X04448Y03557D01*
X04390Y03612D01*
X04334Y03669D01*
X04281Y03729D01*
X04232Y03791D01*
X04185Y03856D01*
X04142Y03923D01*
X04102Y03992D01*
X04065Y04063D01*
X04033Y04136D01*
X04003Y04210D01*
X03978Y04285D01*
X03956Y04362D01*
X03939Y04440D01*
X03925Y04519D01*
X03915Y04598D01*
X03909Y04677D01*
X03907Y04757D01*
X03657Y66007D02*
X03659Y66087D01*
X03665Y66166D01*
X03675Y66245D01*
X03689Y66324D01*
X03706Y66402D01*
X03728Y66479D01*
X03753Y66554D01*
X03783Y66628D01*
X03815Y66701D01*
X03852Y66772D01*
X03892Y66841D01*
X03935Y66908D01*
X03982Y66973D01*
X04031Y67035D01*
X04084Y67095D01*
X04140Y67152D01*
X04198Y67207D01*
X04259Y67258D01*
X04323Y67306D01*
X04389Y67351D01*
X04457Y67393D01*
X04527Y67431D01*
X04599Y67465D01*
X04672Y67496D01*
X04747Y67524D01*
X04824Y67547D01*
X04901Y67567D01*
X04979Y67583D01*
X05058Y67595D01*
X05137Y67603D01*
X05217Y67607D01*
X05297Y67607D01*
X05377Y67603D01*
X05456Y67595D01*
X05535Y67583D01*
X05613Y67567D01*
X05690Y67547D01*
X05767Y67524D01*
X05842Y67496D01*
X05915Y67465D01*
X05987Y67431D01*
X06057Y67393D01*
X06125Y67351D01*
X06191Y67306D01*
X06255Y67258D01*
X06316Y67207D01*
X06374Y67152D01*
X06430Y67095D01*
X06483Y67035D01*
X06532Y66973D01*
X06579Y66908D01*
X06622Y66841D01*
X06662Y66772D01*
X06699Y66701D01*
X06731Y66628D01*
X06761Y66554D01*
X06786Y66479D01*
X06808Y66402D01*
X06825Y66324D01*
X06839Y66245D01*
X06849Y66166D01*
X06855Y66087D01*
X06857Y66007D01*
X06855Y65927D01*
X06849Y65848D01*
X06839Y65769D01*
X06825Y65690D01*
X06808Y65612D01*
X06786Y65535D01*
X06761Y65460D01*
X06731Y65386D01*
X06699Y65313D01*
X06662Y65242D01*
X06622Y65173D01*
X06579Y65106D01*
X06532Y65041D01*
X06483Y64979D01*
X06430Y64919D01*
X06374Y64862D01*
X06316Y64807D01*
X06255Y64756D01*
X06191Y64708D01*
X06125Y64663D01*
X06057Y64621D01*
X05987Y64583D01*
X05915Y64549D01*
X05842Y64518D01*
X05767Y64490D01*
X05690Y64467D01*
X05613Y64447D01*
X05535Y64431D01*
X05456Y64419D01*
X05377Y64411D01*
X05297Y64407D01*
X05217Y64407D01*
X05137Y64411D01*
X05058Y64419D01*
X04979Y64431D01*
X04901Y64447D01*
X04824Y64467D01*
X04747Y64490D01*
X04672Y64518D01*
X04599Y64549D01*
X04527Y64583D01*
X04457Y64621D01*
X04389Y64663D01*
X04323Y64708D01*
X04259Y64756D01*
X04198Y64807D01*
X04140Y64862D01*
X04084Y64919D01*
X04031Y64979D01*
X03982Y65041D01*
X03935Y65106D01*
X03892Y65173D01*
X03852Y65242D01*
X03815Y65313D01*
X03783Y65386D01*
X03753Y65460D01*
X03728Y65535D01*
X03706Y65612D01*
X03689Y65690D01*
X03675Y65769D01*
X03665Y65848D01*
X03659Y65927D01*
X03657Y66007D01*
X19776Y65863D02*
X19778Y65944D01*
X19784Y66025D01*
X19794Y66105D01*
X19808Y66185D01*
X19825Y66264D01*
X19847Y66342D01*
X19873Y66419D01*
X19902Y66495D01*
X19935Y66569D01*
X19971Y66641D01*
X20011Y66712D01*
X20054Y66780D01*
X20101Y66846D01*
X20151Y66910D01*
X20204Y66972D01*
X20260Y67030D01*
X20318Y67086D01*
X20380Y67139D01*
X20444Y67189D01*
X20510Y67236D01*
X20578Y67279D01*
X20649Y67319D01*
X20721Y67355D01*
X20795Y67388D01*
X20871Y67417D01*
X20948Y67443D01*
X21026Y67465D01*
X21105Y67482D01*
X21185Y67496D01*
X21265Y67506D01*
X21346Y67512D01*
X21427Y67514D01*
X21508Y67512D01*
X21589Y67506D01*
X21669Y67496D01*
X21749Y67482D01*
X21828Y67465D01*
X21906Y67443D01*
X21983Y67417D01*
X22059Y67388D01*
X22133Y67355D01*
X22205Y67319D01*
X22276Y67279D01*
X22344Y67236D01*
X22410Y67189D01*
X22474Y67139D01*
X22536Y67086D01*
X22594Y67030D01*
X22650Y66972D01*
X22703Y66910D01*
X22753Y66846D01*
X22800Y66780D01*
X22843Y66712D01*
X22883Y66641D01*
X22919Y66569D01*
X22952Y66495D01*
X22981Y66419D01*
X23007Y66342D01*
X23029Y66264D01*
X23046Y66185D01*
X23060Y66105D01*
X23070Y66025D01*
X23076Y65944D01*
X23078Y65863D01*
X23076Y65782D01*
X23070Y65701D01*
X23060Y65621D01*
X23046Y65541D01*
X23029Y65462D01*
X23007Y65384D01*
X22981Y65307D01*
X22952Y65231D01*
X22919Y65157D01*
X22883Y65085D01*
X22843Y65014D01*
X22800Y64946D01*
X22753Y64880D01*
X22703Y64816D01*
X22650Y64754D01*
X22594Y64696D01*
X22536Y64640D01*
X22474Y64587D01*
X22410Y64537D01*
X22344Y64490D01*
X22276Y64447D01*
X22205Y64407D01*
X22133Y64371D01*
X22059Y64338D01*
X21983Y64309D01*
X21906Y64283D01*
X21828Y64261D01*
X21749Y64244D01*
X21669Y64230D01*
X21589Y64220D01*
X21508Y64214D01*
X21427Y64212D01*
X21346Y64214D01*
X21265Y64220D01*
X21185Y64230D01*
X21105Y64244D01*
X21026Y64261D01*
X20948Y64283D01*
X20871Y64309D01*
X20795Y64338D01*
X20721Y64371D01*
X20649Y64407D01*
X20578Y64447D01*
X20510Y64490D01*
X20444Y64537D01*
X20380Y64587D01*
X20318Y64640D01*
X20260Y64696D01*
X20204Y64754D01*
X20151Y64816D01*
X20101Y64880D01*
X20054Y64946D01*
X20011Y65014D01*
X19971Y65085D01*
X19935Y65157D01*
X19902Y65231D01*
X19873Y65307D01*
X19847Y65384D01*
X19825Y65462D01*
X19808Y65541D01*
X19794Y65621D01*
X19784Y65701D01*
X19778Y65782D01*
X19776Y65863D01*
X43726Y65963D02*
X43728Y66044D01*
X43734Y66125D01*
X43744Y66205D01*
X43758Y66285D01*
X43775Y66364D01*
X43797Y66442D01*
X43823Y66519D01*
X43852Y66595D01*
X43885Y66669D01*
X43921Y66741D01*
X43961Y66812D01*
X44004Y66880D01*
X44051Y66946D01*
X44101Y67010D01*
X44154Y67072D01*
X44210Y67130D01*
X44268Y67186D01*
X44330Y67239D01*
X44394Y67289D01*
X44460Y67336D01*
X44528Y67379D01*
X44599Y67419D01*
X44671Y67455D01*
X44745Y67488D01*
X44821Y67517D01*
X44898Y67543D01*
X44976Y67565D01*
X45055Y67582D01*
X45135Y67596D01*
X45215Y67606D01*
X45296Y67612D01*
X45377Y67614D01*
X45458Y67612D01*
X45539Y67606D01*
X45619Y67596D01*
X45699Y67582D01*
X45778Y67565D01*
X45856Y67543D01*
X45933Y67517D01*
X46009Y67488D01*
X46083Y67455D01*
X46155Y67419D01*
X46226Y67379D01*
X46294Y67336D01*
X46360Y67289D01*
X46424Y67239D01*
X46486Y67186D01*
X46544Y67130D01*
X46600Y67072D01*
X46653Y67010D01*
X46703Y66946D01*
X46750Y66880D01*
X46793Y66812D01*
X46833Y66741D01*
X46869Y66669D01*
X46902Y66595D01*
X46931Y66519D01*
X46957Y66442D01*
X46979Y66364D01*
X46996Y66285D01*
X47010Y66205D01*
X47020Y66125D01*
X47026Y66044D01*
X47028Y65963D01*
X47026Y65882D01*
X47020Y65801D01*
X47010Y65721D01*
X46996Y65641D01*
X46979Y65562D01*
X46957Y65484D01*
X46931Y65407D01*
X46902Y65331D01*
X46869Y65257D01*
X46833Y65185D01*
X46793Y65114D01*
X46750Y65046D01*
X46703Y64980D01*
X46653Y64916D01*
X46600Y64854D01*
X46544Y64796D01*
X46486Y64740D01*
X46424Y64687D01*
X46360Y64637D01*
X46294Y64590D01*
X46226Y64547D01*
X46155Y64507D01*
X46083Y64471D01*
X46009Y64438D01*
X45933Y64409D01*
X45856Y64383D01*
X45778Y64361D01*
X45699Y64344D01*
X45619Y64330D01*
X45539Y64320D01*
X45458Y64314D01*
X45377Y64312D01*
X45296Y64314D01*
X45215Y64320D01*
X45135Y64330D01*
X45055Y64344D01*
X44976Y64361D01*
X44898Y64383D01*
X44821Y64409D01*
X44745Y64438D01*
X44671Y64471D01*
X44599Y64507D01*
X44528Y64547D01*
X44460Y64590D01*
X44394Y64637D01*
X44330Y64687D01*
X44268Y64740D01*
X44210Y64796D01*
X44154Y64854D01*
X44101Y64916D01*
X44051Y64980D01*
X44004Y65046D01*
X43961Y65114D01*
X43921Y65185D01*
X43885Y65257D01*
X43852Y65331D01*
X43823Y65407D01*
X43797Y65484D01*
X43775Y65562D01*
X43758Y65641D01*
X43744Y65721D01*
X43734Y65801D01*
X43728Y65882D01*
X43726Y65963D01*
X96407Y66757D02*
X96409Y66837D01*
X96415Y66916D01*
X96425Y66995D01*
X96439Y67074D01*
X96456Y67152D01*
X96478Y67229D01*
X96503Y67304D01*
X96533Y67378D01*
X96565Y67451D01*
X96602Y67522D01*
X96642Y67591D01*
X96685Y67658D01*
X96732Y67723D01*
X96781Y67785D01*
X96834Y67845D01*
X96890Y67902D01*
X96948Y67957D01*
X97009Y68008D01*
X97073Y68056D01*
X97139Y68101D01*
X97207Y68143D01*
X97277Y68181D01*
X97349Y68215D01*
X97422Y68246D01*
X97497Y68274D01*
X97574Y68297D01*
X97651Y68317D01*
X97729Y68333D01*
X97808Y68345D01*
X97887Y68353D01*
X97967Y68357D01*
X98047Y68357D01*
X98127Y68353D01*
X98206Y68345D01*
X98285Y68333D01*
X98363Y68317D01*
X98440Y68297D01*
X98517Y68274D01*
X98592Y68246D01*
X98665Y68215D01*
X98737Y68181D01*
X98807Y68143D01*
X98875Y68101D01*
X98941Y68056D01*
X99005Y68008D01*
X99066Y67957D01*
X99124Y67902D01*
X99180Y67845D01*
X99233Y67785D01*
X99282Y67723D01*
X99329Y67658D01*
X99372Y67591D01*
X99412Y67522D01*
X99449Y67451D01*
X99481Y67378D01*
X99511Y67304D01*
X99536Y67229D01*
X99558Y67152D01*
X99575Y67074D01*
X99589Y66995D01*
X99599Y66916D01*
X99605Y66837D01*
X99607Y66757D01*
X99605Y66677D01*
X99599Y66598D01*
X99589Y66519D01*
X99575Y66440D01*
X99558Y66362D01*
X99536Y66285D01*
X99511Y66210D01*
X99481Y66136D01*
X99449Y66063D01*
X99412Y65992D01*
X99372Y65923D01*
X99329Y65856D01*
X99282Y65791D01*
X99233Y65729D01*
X99180Y65669D01*
X99124Y65612D01*
X99066Y65557D01*
X99005Y65506D01*
X98941Y65458D01*
X98875Y65413D01*
X98807Y65371D01*
X98737Y65333D01*
X98665Y65299D01*
X98592Y65268D01*
X98517Y65240D01*
X98440Y65217D01*
X98363Y65197D01*
X98285Y65181D01*
X98206Y65169D01*
X98127Y65161D01*
X98047Y65157D01*
X97967Y65157D01*
X97887Y65161D01*
X97808Y65169D01*
X97729Y65181D01*
X97651Y65197D01*
X97574Y65217D01*
X97497Y65240D01*
X97422Y65268D01*
X97349Y65299D01*
X97277Y65333D01*
X97207Y65371D01*
X97139Y65413D01*
X97073Y65458D01*
X97009Y65506D01*
X96948Y65557D01*
X96890Y65612D01*
X96834Y65669D01*
X96781Y65729D01*
X96732Y65791D01*
X96685Y65856D01*
X96642Y65923D01*
X96602Y65992D01*
X96565Y66063D01*
X96533Y66136D01*
X96503Y66210D01*
X96478Y66285D01*
X96456Y66362D01*
X96439Y66440D01*
X96425Y66519D01*
X96415Y66598D01*
X96409Y66677D01*
X96407Y66757D01*
X96557Y03607D02*
X96559Y03687D01*
X96565Y03766D01*
X96575Y03845D01*
X96589Y03924D01*
X96606Y04002D01*
X96628Y04079D01*
X96653Y04154D01*
X96683Y04228D01*
X96715Y04301D01*
X96752Y04372D01*
X96792Y04441D01*
X96835Y04508D01*
X96882Y04573D01*
X96931Y04635D01*
X96984Y04695D01*
X97040Y04752D01*
X97098Y04807D01*
X97159Y04858D01*
X97223Y04906D01*
X97289Y04951D01*
X97357Y04993D01*
X97427Y05031D01*
X97499Y05065D01*
X97572Y05096D01*
X97647Y05124D01*
X97724Y05147D01*
X97801Y05167D01*
X97879Y05183D01*
X97958Y05195D01*
X98037Y05203D01*
X98117Y05207D01*
X98197Y05207D01*
X98277Y05203D01*
X98356Y05195D01*
X98435Y05183D01*
X98513Y05167D01*
X98590Y05147D01*
X98667Y05124D01*
X98742Y05096D01*
X98815Y05065D01*
X98887Y05031D01*
X98957Y04993D01*
X99025Y04951D01*
X99091Y04906D01*
X99155Y04858D01*
X99216Y04807D01*
X99274Y04752D01*
X99330Y04695D01*
X99383Y04635D01*
X99432Y04573D01*
X99479Y04508D01*
X99522Y04441D01*
X99562Y04372D01*
X99599Y04301D01*
X99631Y04228D01*
X99661Y04154D01*
X99686Y04079D01*
X99708Y04002D01*
X99725Y03924D01*
X99739Y03845D01*
X99749Y03766D01*
X99755Y03687D01*
X99757Y03607D01*
X99755Y03527D01*
X99749Y03448D01*
X99739Y03369D01*
X99725Y03290D01*
X99708Y03212D01*
X99686Y03135D01*
X99661Y03060D01*
X99631Y02986D01*
X99599Y02913D01*
X99562Y02842D01*
X99522Y02773D01*
X99479Y02706D01*
X99432Y02641D01*
X99383Y02579D01*
X99330Y02519D01*
X99274Y02462D01*
X99216Y02407D01*
X99155Y02356D01*
X99091Y02308D01*
X99025Y02263D01*
X98957Y02221D01*
X98887Y02183D01*
X98815Y02149D01*
X98742Y02118D01*
X98667Y02090D01*
X98590Y02067D01*
X98513Y02047D01*
X98435Y02031D01*
X98356Y02019D01*
X98277Y02011D01*
X98197Y02007D01*
X98117Y02007D01*
X98037Y02011D01*
X97958Y02019D01*
X97879Y02031D01*
X97801Y02047D01*
X97724Y02067D01*
X97647Y02090D01*
X97572Y02118D01*
X97499Y02149D01*
X97427Y02183D01*
X97357Y02221D01*
X97289Y02263D01*
X97223Y02308D01*
X97159Y02356D01*
X97098Y02407D01*
X97040Y02462D01*
X96984Y02519D01*
X96931Y02579D01*
X96882Y02641D01*
X96835Y02706D01*
X96792Y02773D01*
X96752Y02842D01*
X96715Y02913D01*
X96683Y02986D01*
X96653Y03060D01*
X96628Y03135D01*
X96606Y03212D01*
X96589Y03290D01*
X96575Y03369D01*
X96565Y03448D01*
X96559Y03527D01*
X96557Y03607D01*
D11*
X00957Y00457D02*
X00957Y70457D01*
X100957Y70457D01*
X100957Y00457D01*
X00957Y00457D01*
M02*
